# JRE version: Java(TM) SE Runtime Environment (8.0_311-b11) (build 1.8.0_311-b11)
# Java VM: Java HotSpot(TM) 64-Bit Server VM (25.311-b11 mixed mode bsd-amd64 compressed oops)
Heap:
 PSYoungGen      total 272896K, used 244293K [0x000000076ab00000, 0x0000000790900000, 0x00000007c0000000)
  eden space 262144K, 93% used [0x000000076ab00000,0x0000000779991648,0x000000077ab00000)
  from space 10752K, 0% used [0x000000077ab00000,0x000000077ab00000,0x000000077b580000)
  to   space 109056K, 0% used [0x0000000789e80000,0x0000000789e80000,0x0000000790900000)
 ParOldGen       total 769536K, used 463395K [0x00000006c0000000, 0x00000006eef80000, 0x000000076ab00000)
  object space 769536K, 60% used [0x00000006c0000000,0x00000006dc488e80,0x00000006eef80000)
 Metaspace       used 14253K, capacity 14896K, committed 15232K, reserved 1062912K
  class space    used 1876K, capacity 2055K, committed 2176K, reserved 1048576K
GC Heap History (10 events):
Event: 1.074 GC heap before
{Heap before GC invocations=4 (full 1):
 PSYoungGen      total 141824K, used 10724K [0x000000076ab00000, 0x000000077c000000, 0x00000007c0000000)
  eden space 131072K, 0% used [0x000000076ab00000,0x000000076ab00000,0x0000000772b00000)
  from space 10752K, 99% used [0x0000000772b00000,0x0000000773579030,0x0000000773580000)
  to   space 10752K, 0% used [0x000000077b580000,0x000000077b580000,0x000000077c000000)
 ParOldGen       total 183296K, used 180297K [0x00000006c0000000, 0x00000006cb300000, 0x000000076ab00000)
  object space 183296K, 98% used [0x00000006c0000000,0x00000006cb012570,0x00000006cb300000)
 Metaspace       used 9627K, capacity 9930K, committed 10112K, reserved 1058816K
  class space    used 1299K, capacity 1404K, committed 1408K, reserved 1048576K
Event: 1.092 GC heap after
Heap after GC invocations=4 (full 1):
 PSYoungGen      total 141824K, used 9064K [0x000000076ab00000, 0x000000077c000000, 0x00000007c0000000)
  eden space 131072K, 0% used [0x000000076ab00000,0x000000076ab00000,0x0000000772b00000)
  from space 10752K, 84% used [0x0000000772b00000,0x00000007733da190,0x0000000773580000)
  to   space 10752K, 0% used [0x000000077b580000,0x000000077b580000,0x000000077c000000)
 ParOldGen       total 357376K, used 179685K [0x00000006c0000000, 0x00000006d5d00000, 0x000000076ab00000)
  object space 357376K, 50% used [0x00000006c0000000,0x00000006caf79738,0x00000006d5d00000)
 Metaspace       used 9627K, capacity 9930K, committed 10112K, reserved 1058816K
  class space    used 1299K, capacity 1404K, committed 1408K, reserved 1048576K
}
Event: 1.229 GC heap before
{Heap before GC invocations=5 (full 1):
 PSYoungGen      total 141824K, used 133356K [0x000000076ab00000, 0x000000077c000000, 0x00000007c0000000)
  eden space 131072K, 94% used [0x000000076ab00000,0x0000000772461108,0x0000000772b00000)
  from space 10752K, 84% used [0x0000000772b00000,0x00000007733da190,0x0000000773580000)
  to   space 10752K, 0% used [0x000000077b580000,0x000000077b580000,0x000000077c000000)
 ParOldGen       total 357376K, used 179685K [0x00000006c0000000, 0x00000006d5d00000, 0x000000076ab00000)
  object space 357376K, 50% used [0x00000006c0000000,0x00000006caf79738,0x00000006d5d00000)
 Metaspace       used 9627K, capacity 9930K, committed 10112K, reserved 1058816K
  class space    used 1299K, capacity 1404K, committed 1408K, reserved 1048576K
Event: 1.260 GC heap after
Heap after GC invocations=5 (full 1):
 PSYoungGen      total 258560K, used 10749K [0x000000076ab00000, 0x000000077c000000, 0x00000007c0000000)
  eden space 247808K, 0% used [0x000000076ab00000,0x000000076ab00000,0x0000000779d00000)
  from space 10752K, 99% used [0x000000077b580000,0x000000077bfff430,0x000000077c000000)
  to   space 10752K, 0% used [0x000000077ab00000,0x000000077ab00000,0x000000077b580000)
 ParOldGen       total 357376K, used 277310K [0x00000006c0000000, 0x00000006d5d00000, 0x000000076ab00000)
  object space 357376K, 77% used [0x00000006c0000000,0x00000006d0ecf808,0x00000006d5d00000)
 Metaspace       used 9627K, capacity 9930K, committed 10112K, reserved 1058816K
  class space    used 1299K, capacity 1404K, committed 1408K, reserved 1048576K
}
Event: 1.260 GC heap before
{Heap before GC invocations=6 (full 2):
 PSYoungGen      total 258560K, used 10749K [0x000000076ab00000, 0x000000077c000000, 0x00000007c0000000)
  eden space 247808K, 0% used [0x000000076ab00000,0x000000076ab00000,0x0000000779d00000)
  from space 10752K, 99% used [0x000000077b580000,0x000000077bfff430,0x000000077c000000)
  to   space 10752K, 0% used [0x000000077ab00000,0x000000077ab00000,0x000000077b580000)
 ParOldGen       total 357376K, used 277310K [0x00000006c0000000, 0x00000006d5d00000, 0x000000076ab00000)
  object space 357376K, 77% used [0x00000006c0000000,0x00000006d0ecf808,0x00000006d5d00000)
 Metaspace       used 9627K, capacity 9930K, committed 10112K, reserved 1058816K
  class space    used 1299K, capacity 1404K, committed 1408K, reserved 1048576K
Event: 1.280 GC heap after
Heap after GC invocations=6 (full 2):
 PSYoungGen      total 258560K, used 0K [0x000000076ab00000, 0x000000077c000000, 0x00000007c0000000)
  eden space 247808K, 0% used [0x000000076ab00000,0x000000076ab00000,0x0000000779d00000)
  from space 10752K, 0% used [0x000000077b580000,0x000000077b580000,0x000000077c000000)
  to   space 10752K, 0% used [0x000000077ab00000,0x000000077ab00000,0x000000077b580000)
 ParOldGen       total 509440K, used 287977K [0x00000006c0000000, 0x00000006df180000, 0x000000076ab00000)
  object space 509440K, 56% used [0x00000006c0000000,0x00000006d193a740,0x00000006df180000)
 Metaspace       used 9627K, capacity 9930K, committed 10112K, reserved 1058816K
  class space    used 1299K, capacity 1404K, committed 1408K, reserved 1048576K
}
Event: 4.443 GC heap before
{Heap before GC invocations=7 (full 2):
 PSYoungGen      total 258560K, used 242337K [0x000000076ab00000, 0x000000077c000000, 0x00000007c0000000)
  eden space 247808K, 97% used [0x000000076ab00000,0x00000007797a85a8,0x0000000779d00000)
  from space 10752K, 0% used [0x000000077b580000,0x000000077b580000,0x000000077c000000)
  to   space 10752K, 0% used [0x000000077ab00000,0x000000077ab00000,0x000000077b580000)
 ParOldGen       total 509440K, used 287977K [0x00000006c0000000, 0x00000006df180000, 0x000000076ab00000)
  object space 509440K, 56% used [0x00000006c0000000,0x00000006d193a740,0x00000006df180000)
 Metaspace       used 13604K, capacity 14180K, committed 14336K, reserved 1060864K
  class space    used 1856K, capacity 2021K, committed 2048K, reserved 1048576K
Event: 4.492 GC heap after
Heap after GC invocations=7 (full 2):
 PSYoungGen      total 272896K, used 10532K [0x000000076ab00000, 0x0000000790900000, 0x00000007c0000000)
  eden space 262144K, 0% used [0x000000076ab00000,0x000000076ab00000,0x000000077ab00000)
  from space 10752K, 97% used [0x000000077ab00000,0x000000077b549020,0x000000077b580000)
  to   space 109056K, 0% used [0x0000000789e80000,0x0000000789e80000,0x0000000790900000)
 ParOldGen       total 509440K, used 471355K [0x00000006c0000000, 0x00000006df180000, 0x000000076ab00000)
  object space 509440K, 92% used [0x00000006c0000000,0x00000006dcc4ece0,0x00000006df180000)
 Metaspace       used 13604K, capacity 14180K, committed 14336K, reserved 1060864K
  class space    used 1856K, capacity 2021K, committed 2048K, reserved 1048576K
}
Event: 4.492 GC heap before
{Heap before GC invocations=8 (full 3):
 PSYoungGen      total 272896K, used 10532K [0x000000076ab00000, 0x0000000790900000, 0x00000007c0000000)
  eden space 262144K, 0% used [0x000000076ab00000,0x000000076ab00000,0x000000077ab00000)
  from space 10752K, 97% used [0x000000077ab00000,0x000000077b549020,0x000000077b580000)
  to   space 109056K, 0% used [0x0000000789e80000,0x0000000789e80000,0x0000000790900000)
 ParOldGen       total 509440K, used 471355K [0x00000006c0000000, 0x00000006df180000, 0x000000076ab00000)
  object space 509440K, 92% used [0x00000006c0000000,0x00000006dcc4ece0,0x00000006df180000)
 Metaspace       used 13604K, capacity 14180K, committed 14336K, reserved 1060864K
  class space    used 1856K, capacity 2021K, committed 2048K, reserved 1048576K
Event: 4.521 GC heap after
Heap after GC invocations=8 (full 3):
 PSYoungGen      total 272896K, used 0K [0x000000076ab00000, 0x0000000790900000, 0x00000007c0000000)
  eden space 262144K, 0% used [0x000000076ab00000,0x000000076ab00000,0x000000077ab00000)
  from space 10752K, 0% used [0x000000077ab00000,0x000000077ab00000,0x000000077b580000)
  to   space 109056K, 0% used [0x0000000789e80000,0x0000000789e80000,0x0000000790900000)
 ParOldGen       total 769536K, used 463395K [0x00000006c0000000, 0x00000006eef80000, 0x000000076ab00000)
  object space 769536K, 60% used [0x00000006c0000000,0x00000006dc488e80,0x00000006eef80000)
 Metaspace       used 13604K, capacity 14180K, committed 14336K, reserved 1060864K
  class space    used 1856K, capacity 2021K, committed 2048K, reserved 1048576K
}

