# JRE version: Java(TM) SE Runtime Environment (8.0_311-b11) (build 1.8.0_311-b11)
# Java VM: Java HotSpot(TM) 64-Bit Server VM (25.311-b11 mixed mode bsd-amd64 compressed oops)
Heap:
 PSYoungGen      total 272896K, used 236206K [0x000000076ab00000, 0x0000000788f80000, 0x00000007c0000000)
  eden space 262144K, 90% used [0x000000076ab00000,0x00000007791abb50,0x000000077ab00000)
  from space 10752K, 0% used [0x000000077ab00000,0x000000077ab00000,0x000000077b580000)
  to   space 44544K, 0% used [0x0000000786400000,0x0000000786400000,0x0000000788f80000)
 ParOldGen       total 769536K, used 469474K [0x00000006c0000000, 0x00000006eef80000, 0x000000076ab00000)
  object space 769536K, 61% used [0x00000006c0000000,0x00000006dca788a0,0x00000006eef80000)
 Metaspace       used 13859K, capacity 14566K, committed 14720K, reserved 1062912K
  class space    used 1854K, capacity 2054K, committed 2176K, reserved 1048576K
GC Heap History (10 events):
Event: 1.088 GC heap before
{Heap before GC invocations=4 (full 1):
 PSYoungGen      total 141824K, used 10676K [0x000000076ab00000, 0x000000077c000000, 0x00000007c0000000)
  eden space 131072K, 0% used [0x000000076ab00000,0x000000076ab00000,0x0000000772b00000)
  from space 10752K, 99% used [0x0000000772b00000,0x000000077356d040,0x0000000773580000)
  to   space 10752K, 0% used [0x000000077b580000,0x000000077b580000,0x000000077c000000)
 ParOldGen       total 199680K, used 198530K [0x00000006c0000000, 0x00000006cc300000, 0x000000076ab00000)
  object space 199680K, 99% used [0x00000006c0000000,0x00000006cc1e09a0,0x00000006cc300000)
 Metaspace       used 9632K, capacity 9930K, committed 10112K, reserved 1058816K
  class space    used 1295K, capacity 1404K, committed 1408K, reserved 1048576K
Event: 1.101 GC heap after
Heap after GC invocations=4 (full 1):
 PSYoungGen      total 141824K, used 0K [0x000000076ab00000, 0x000000077c000000, 0x00000007c0000000)
  eden space 131072K, 0% used [0x000000076ab00000,0x000000076ab00000,0x0000000772b00000)
  from space 10752K, 0% used [0x0000000772b00000,0x0000000772b00000,0x0000000773580000)
  to   space 10752K, 0% used [0x000000077b580000,0x000000077b580000,0x000000077c000000)
 ParOldGen       total 376832K, used 188750K [0x00000006c0000000, 0x00000006d7000000, 0x000000076ab00000)
  object space 376832K, 50% used [0x00000006c0000000,0x00000006cb8538d8,0x00000006d7000000)
 Metaspace       used 9632K, capacity 9930K, committed 10112K, reserved 1058816K
  class space    used 1295K, capacity 1404K, committed 1408K, reserved 1048576K
}
Event: 1.236 GC heap before
{Heap before GC invocations=5 (full 1):
 PSYoungGen      total 141824K, used 124292K [0x000000076ab00000, 0x000000077c000000, 0x00000007c0000000)
  eden space 131072K, 94% used [0x000000076ab00000,0x00000007724612f8,0x0000000772b00000)
  from space 10752K, 0% used [0x0000000772b00000,0x0000000772b00000,0x0000000773580000)
  to   space 10752K, 0% used [0x000000077b580000,0x000000077b580000,0x000000077c000000)
 ParOldGen       total 376832K, used 188750K [0x00000006c0000000, 0x00000006d7000000, 0x000000076ab00000)
  object space 376832K, 50% used [0x00000006c0000000,0x00000006cb8538d8,0x00000006d7000000)
 Metaspace       used 9632K, capacity 9930K, committed 10112K, reserved 1058816K
  class space    used 1295K, capacity 1404K, committed 1408K, reserved 1048576K
Event: 1.258 GC heap after
Heap after GC invocations=5 (full 1):
 PSYoungGen      total 262656K, used 10381K [0x000000076ab00000, 0x000000077c000000, 0x00000007c0000000)
  eden space 251904K, 0% used [0x000000076ab00000,0x000000076ab00000,0x000000077a100000)
  from space 10752K, 96% used [0x000000077b580000,0x000000077bfa3420,0x000000077c000000)
  to   space 10752K, 0% used [0x000000077ab00000,0x000000077ab00000,0x000000077b580000)
 ParOldGen       total 376832K, used 277850K [0x00000006c0000000, 0x00000006d7000000, 0x000000076ab00000)
  object space 376832K, 73% used [0x00000006c0000000,0x00000006d0f56988,0x00000006d7000000)
 Metaspace       used 9632K, capacity 9930K, committed 10112K, reserved 1058816K
  class space    used 1295K, capacity 1404K, committed 1408K, reserved 1048576K
}
Event: 1.258 GC heap before
{Heap before GC invocations=6 (full 2):
 PSYoungGen      total 262656K, used 10381K [0x000000076ab00000, 0x000000077c000000, 0x00000007c0000000)
  eden space 251904K, 0% used [0x000000076ab00000,0x000000076ab00000,0x000000077a100000)
  from space 10752K, 96% used [0x000000077b580000,0x000000077bfa3420,0x000000077c000000)
  to   space 10752K, 0% used [0x000000077ab00000,0x000000077ab00000,0x000000077b580000)
 ParOldGen       total 376832K, used 277850K [0x00000006c0000000, 0x00000006d7000000, 0x000000076ab00000)
  object space 376832K, 73% used [0x00000006c0000000,0x00000006d0f56988,0x00000006d7000000)
 Metaspace       used 9632K, capacity 9930K, committed 10112K, reserved 1058816K
  class space    used 1295K, capacity 1404K, committed 1408K, reserved 1048576K
Event: 1.280 GC heap after
Heap after GC invocations=6 (full 2):
 PSYoungGen      total 262656K, used 0K [0x000000076ab00000, 0x000000077c000000, 0x00000007c0000000)
  eden space 251904K, 0% used [0x000000076ab00000,0x000000076ab00000,0x000000077a100000)
  from space 10752K, 0% used [0x000000077b580000,0x000000077b580000,0x000000077c000000)
  to   space 10752K, 0% used [0x000000077ab00000,0x000000077ab00000,0x000000077b580000)
 ParOldGen       total 505344K, used 287977K [0x00000006c0000000, 0x00000006ded80000, 0x000000076ab00000)
  object space 505344K, 56% used [0x00000006c0000000,0x00000006d193a750,0x00000006ded80000)
 Metaspace       used 9632K, capacity 9930K, committed 10112K, reserved 1058816K
  class space    used 1295K, capacity 1404K, committed 1408K, reserved 1048576K
}
Event: 4.558 GC heap before
{Heap before GC invocations=7 (full 2):
 PSYoungGen      total 262656K, used 250392K [0x000000076ab00000, 0x000000077c000000, 0x00000007c0000000)
  eden space 251904K, 99% used [0x000000076ab00000,0x0000000779f86300,0x000000077a100000)
  from space 10752K, 0% used [0x000000077b580000,0x000000077b580000,0x000000077c000000)
  to   space 10752K, 0% used [0x000000077ab00000,0x000000077ab00000,0x000000077b580000)
 ParOldGen       total 505344K, used 287977K [0x00000006c0000000, 0x00000006ded80000, 0x000000076ab00000)
  object space 505344K, 56% used [0x00000006c0000000,0x00000006d193a750,0x00000006ded80000)
 Metaspace       used 13631K, capacity 14240K, committed 14336K, reserved 1060864K
  class space    used 1851K, capacity 2021K, committed 2048K, reserved 1048576K
Event: 4.604 GC heap after
Heap after GC invocations=7 (full 2):
 PSYoungGen      total 272896K, used 10394K [0x000000076ab00000, 0x0000000788f80000, 0x00000007c0000000)
  eden space 262144K, 0% used [0x000000076ab00000,0x000000076ab00000,0x000000077ab00000)
  from space 10752K, 96% used [0x000000077ab00000,0x000000077b526aa0,0x000000077b580000)
  to   space 44544K, 0% used [0x0000000786400000,0x0000000786400000,0x0000000788f80000)
 ParOldGen       total 505344K, used 469454K [0x00000006c0000000, 0x00000006ded80000, 0x000000076ab00000)
  object space 505344K, 92% used [0x00000006c0000000,0x00000006dca738e0,0x00000006ded80000)
 Metaspace       used 13631K, capacity 14240K, committed 14336K, reserved 1060864K
  class space    used 1851K, capacity 2021K, committed 2048K, reserved 1048576K
}
Event: 4.604 GC heap before
{Heap before GC invocations=8 (full 3):
 PSYoungGen      total 272896K, used 10394K [0x000000076ab00000, 0x0000000788f80000, 0x00000007c0000000)
  eden space 262144K, 0% used [0x000000076ab00000,0x000000076ab00000,0x000000077ab00000)
  from space 10752K, 96% used [0x000000077ab00000,0x000000077b526aa0,0x000000077b580000)
  to   space 44544K, 0% used [0x0000000786400000,0x0000000786400000,0x0000000788f80000)
 ParOldGen       total 505344K, used 469454K [0x00000006c0000000, 0x00000006ded80000, 0x000000076ab00000)
  object space 505344K, 92% used [0x00000006c0000000,0x00000006dca738e0,0x00000006ded80000)
 Metaspace       used 13631K, capacity 14240K, committed 14336K, reserved 1060864K
  class space    used 1851K, capacity 2021K, committed 2048K, reserved 1048576K
Event: 4.636 GC heap after
Heap after GC invocations=8 (full 3):
 PSYoungGen      total 272896K, used 0K [0x000000076ab00000, 0x0000000788f80000, 0x00000007c0000000)
  eden space 262144K, 0% used [0x000000076ab00000,0x000000076ab00000,0x000000077ab00000)
  from space 10752K, 0% used [0x000000077ab00000,0x000000077ab00000,0x000000077b580000)
  to   space 44544K, 0% used [0x0000000786400000,0x0000000786400000,0x0000000788f80000)
 ParOldGen       total 769536K, used 469474K [0x00000006c0000000, 0x00000006eef80000, 0x000000076ab00000)
  object space 769536K, 61% used [0x00000006c0000000,0x00000006dca788a0,0x00000006eef80000)
 Metaspace       used 13631K, capacity 14240K, committed 14336K, reserved 1060864K
  class space    used 1851K, capacity 2021K, committed 2048K, reserved 1048576K
}

