# JRE version: Java(TM) SE Runtime Environment (8.0_311-b11) (build 1.8.0_311-b11)
# Java VM: Java HotSpot(TM) 64-Bit Server VM (25.311-b11 mixed mode bsd-amd64 compressed oops)
Heap:
 PSYoungGen      total 272896K, used 242418K [0x000000076ab00000, 0x0000000798700000, 0x00000007c0000000)
  eden space 262144K, 92% used [0x000000076ab00000,0x00000007797bcbf0,0x000000077ab00000)
  from space 10752K, 0% used [0x000000077ab00000,0x000000077ab00000,0x000000077b580000)
  to   space 166400K, 0% used [0x000000078e480000,0x000000078e480000,0x0000000798700000)
 ParOldGen       total 773632K, used 471497K [0x00000006c0000000, 0x00000006ef380000, 0x000000076ab00000)
  object space 773632K, 60% used [0x00000006c0000000,0x00000006dcc725e8,0x00000006ef380000)
 Metaspace       used 14259K, capacity 14896K, committed 15232K, reserved 1062912K
  class space    used 1873K, capacity 2055K, committed 2176K, reserved 1048576K
GC Heap History (10 events):
Event: 1.113 GC heap before
{Heap before GC invocations=4 (full 1):
 PSYoungGen      total 141824K, used 10692K [0x000000076ab00000, 0x000000077c000000, 0x00000007c0000000)
  eden space 131072K, 0% used [0x000000076ab00000,0x000000076ab00000,0x0000000772b00000)
  from space 10752K, 99% used [0x0000000772b00000,0x0000000773571030,0x0000000773580000)
  to   space 10752K, 0% used [0x000000077b580000,0x000000077b580000,0x000000077c000000)
 ParOldGen       total 199680K, used 198522K [0x00000006c0000000, 0x00000006cc300000, 0x000000076ab00000)
  object space 199680K, 99% used [0x00000006c0000000,0x00000006cc1de9a0,0x00000006cc300000)
 Metaspace       used 9646K, capacity 9934K, committed 10112K, reserved 1058816K
  class space    used 1299K, capacity 1404K, committed 1408K, reserved 1048576K
Event: 1.126 GC heap after
Heap after GC invocations=4 (full 1):
 PSYoungGen      total 141824K, used 0K [0x000000076ab00000, 0x000000077c000000, 0x00000007c0000000)
  eden space 131072K, 0% used [0x000000076ab00000,0x000000076ab00000,0x0000000772b00000)
  from space 10752K, 0% used [0x0000000772b00000,0x0000000772b00000,0x0000000773580000)
  to   space 10752K, 0% used [0x000000077b580000,0x000000077b580000,0x000000077c000000)
 ParOldGen       total 377856K, used 188750K [0x00000006c0000000, 0x00000006d7100000, 0x000000076ab00000)
  object space 377856K, 49% used [0x00000006c0000000,0x00000006cb853890,0x00000006d7100000)
 Metaspace       used 9646K, capacity 9934K, committed 10112K, reserved 1058816K
  class space    used 1299K, capacity 1404K, committed 1408K, reserved 1048576K
}
Event: 1.267 GC heap before
{Heap before GC invocations=5 (full 1):
 PSYoungGen      total 141824K, used 124292K [0x000000076ab00000, 0x000000077c000000, 0x00000007c0000000)
  eden space 131072K, 94% used [0x000000076ab00000,0x00000007724612f8,0x0000000772b00000)
  from space 10752K, 0% used [0x0000000772b00000,0x0000000772b00000,0x0000000773580000)
  to   space 10752K, 0% used [0x000000077b580000,0x000000077b580000,0x000000077c000000)
 ParOldGen       total 377856K, used 188750K [0x00000006c0000000, 0x00000006d7100000, 0x000000076ab00000)
  object space 377856K, 49% used [0x00000006c0000000,0x00000006cb853890,0x00000006d7100000)
 Metaspace       used 9646K, capacity 9934K, committed 10112K, reserved 1058816K
  class space    used 1299K, capacity 1404K, committed 1408K, reserved 1048576K
Event: 1.291 GC heap after
Heap after GC invocations=5 (full 1):
 PSYoungGen      total 261632K, used 10381K [0x000000076ab00000, 0x000000077c000000, 0x00000007c0000000)
  eden space 250880K, 0% used [0x000000076ab00000,0x000000076ab00000,0x000000077a000000)
  from space 10752K, 96% used [0x000000077b580000,0x000000077bfa3420,0x000000077c000000)
  to   space 10752K, 0% used [0x000000077ab00000,0x000000077ab00000,0x000000077b580000)
 ParOldGen       total 377856K, used 277850K [0x00000006c0000000, 0x00000006d7100000, 0x000000076ab00000)
  object space 377856K, 73% used [0x00000006c0000000,0x00000006d0f56940,0x00000006d7100000)
 Metaspace       used 9646K, capacity 9934K, committed 10112K, reserved 1058816K
  class space    used 1299K, capacity 1404K, committed 1408K, reserved 1048576K
}
Event: 1.291 GC heap before
{Heap before GC invocations=6 (full 2):
 PSYoungGen      total 261632K, used 10381K [0x000000076ab00000, 0x000000077c000000, 0x00000007c0000000)
  eden space 250880K, 0% used [0x000000076ab00000,0x000000076ab00000,0x000000077a000000)
  from space 10752K, 96% used [0x000000077b580000,0x000000077bfa3420,0x000000077c000000)
  to   space 10752K, 0% used [0x000000077ab00000,0x000000077ab00000,0x000000077b580000)
 ParOldGen       total 377856K, used 277850K [0x00000006c0000000, 0x00000006d7100000, 0x000000076ab00000)
  object space 377856K, 73% used [0x00000006c0000000,0x00000006d0f56940,0x00000006d7100000)
 Metaspace       used 9646K, capacity 9934K, committed 10112K, reserved 1058816K
  class space    used 1299K, capacity 1404K, committed 1408K, reserved 1048576K
Event: 1.308 GC heap after
Heap after GC invocations=6 (full 2):
 PSYoungGen      total 261632K, used 0K [0x000000076ab00000, 0x000000077c000000, 0x00000007c0000000)
  eden space 250880K, 0% used [0x000000076ab00000,0x000000076ab00000,0x000000077a000000)
  from space 10752K, 0% used [0x000000077b580000,0x000000077b580000,0x000000077c000000)
  to   space 10752K, 0% used [0x000000077ab00000,0x000000077ab00000,0x000000077b580000)
 ParOldGen       total 503808K, used 287977K [0x00000006c0000000, 0x00000006dec00000, 0x000000076ab00000)
  object space 503808K, 57% used [0x00000006c0000000,0x00000006d193a708,0x00000006dec00000)
 Metaspace       used 9646K, capacity 9934K, committed 10112K, reserved 1058816K
  class space    used 1299K, capacity 1404K, committed 1408K, reserved 1048576K
}
Event: 4.177 GC heap before
{Heap before GC invocations=7 (full 2):
 PSYoungGen      total 261632K, used 249795K [0x000000076ab00000, 0x000000077c000000, 0x00000007c0000000)
  eden space 250880K, 99% used [0x000000076ab00000,0x0000000779ef0ef8,0x000000077a000000)
  from space 10752K, 0% used [0x000000077b580000,0x000000077b580000,0x000000077c000000)
  to   space 10752K, 0% used [0x000000077ab00000,0x000000077ab00000,0x000000077b580000)
 ParOldGen       total 503808K, used 287977K [0x00000006c0000000, 0x00000006dec00000, 0x000000076ab00000)
  object space 503808K, 57% used [0x00000006c0000000,0x00000006d193a708,0x00000006dec00000)
 Metaspace       used 13600K, capacity 14172K, committed 14336K, reserved 1060864K
  class space    used 1853K, capacity 2021K, committed 2048K, reserved 1048576K
Event: 4.226 GC heap after
Heap after GC invocations=7 (full 2):
 PSYoungGen      total 272896K, used 10728K [0x000000076ab00000, 0x0000000798700000, 0x00000007c0000000)
  eden space 262144K, 0% used [0x000000076ab00000,0x000000076ab00000,0x000000077ab00000)
  from space 10752K, 99% used [0x000000077ab00000,0x000000077b57a030,0x000000077b580000)
  to   space 166400K, 0% used [0x000000078e480000,0x000000078e480000,0x0000000798700000)
 ParOldGen       total 503808K, used 479139K [0x00000006c0000000, 0x00000006dec00000, 0x000000076ab00000)
  object space 503808K, 95% used [0x00000006c0000000,0x00000006dd3e8fb8,0x00000006dec00000)
 Metaspace       used 13600K, capacity 14172K, committed 14336K, reserved 1060864K
  class space    used 1853K, capacity 2021K, committed 2048K, reserved 1048576K
}
Event: 4.226 GC heap before
{Heap before GC invocations=8 (full 3):
 PSYoungGen      total 272896K, used 10728K [0x000000076ab00000, 0x0000000798700000, 0x00000007c0000000)
  eden space 262144K, 0% used [0x000000076ab00000,0x000000076ab00000,0x000000077ab00000)
  from space 10752K, 99% used [0x000000077ab00000,0x000000077b57a030,0x000000077b580000)
  to   space 166400K, 0% used [0x000000078e480000,0x000000078e480000,0x0000000798700000)
 ParOldGen       total 503808K, used 479139K [0x00000006c0000000, 0x00000006dec00000, 0x000000076ab00000)
  object space 503808K, 95% used [0x00000006c0000000,0x00000006dd3e8fb8,0x00000006dec00000)
 Metaspace       used 13600K, capacity 14172K, committed 14336K, reserved 1060864K
  class space    used 1853K, capacity 2021K, committed 2048K, reserved 1048576K
Event: 4.253 GC heap after
Heap after GC invocations=8 (full 3):
 PSYoungGen      total 272896K, used 0K [0x000000076ab00000, 0x0000000798700000, 0x00000007c0000000)
  eden space 262144K, 0% used [0x000000076ab00000,0x000000076ab00000,0x000000077ab00000)
  from space 10752K, 0% used [0x000000077ab00000,0x000000077ab00000,0x000000077b580000)
  to   space 166400K, 0% used [0x000000078e480000,0x000000078e480000,0x0000000798700000)
 ParOldGen       total 773632K, used 471497K [0x00000006c0000000, 0x00000006ef380000, 0x000000076ab00000)
  object space 773632K, 60% used [0x00000006c0000000,0x00000006dcc725e8,0x00000006ef380000)
 Metaspace       used 13600K, capacity 14172K, committed 14336K, reserved 1060864K
  class space    used 1853K, capacity 2021K, committed 2048K, reserved 1048576K
}

