# JRE version: Java(TM) SE Runtime Environment (8.0_311-b11) (build 1.8.0_311-b11)
# Java VM: Java HotSpot(TM) 64-Bit Server VM (25.311-b11 mixed mode bsd-amd64 compressed oops)
Heap:
 PSYoungGen      total 272896K, used 243325K [0x000000076ab00000, 0x0000000785380000, 0x00000007c0000000)
  eden space 262144K, 92% used [0x000000076ab00000,0x000000077989f510,0x000000077ab00000)
  from space 10752K, 0% used [0x000000077ab00000,0x000000077ab00000,0x000000077b580000)
  to   space 13824K, 0% used [0x0000000784600000,0x0000000784600000,0x0000000785380000)
 ParOldGen       total 758272K, used 463408K [0x00000006c0000000, 0x00000006ee480000, 0x000000076ab00000)
  object space 758272K, 61% used [0x00000006c0000000,0x00000006dc48c358,0x00000006ee480000)
 Metaspace       used 14292K, capacity 14896K, committed 15232K, reserved 1062912K
  class space    used 1872K, capacity 2055K, committed 2176K, reserved 1048576K
GC Heap History (10 events):
Event: 1.109 GC heap before
{Heap before GC invocations=4 (full 1):
 PSYoungGen      total 141824K, used 10660K [0x000000076ab00000, 0x000000077c000000, 0x00000007c0000000)
  eden space 131072K, 0% used [0x000000076ab00000,0x000000076ab00000,0x0000000772b00000)
  from space 10752K, 99% used [0x0000000772b00000,0x0000000773569030,0x0000000773580000)
  to   space 10752K, 0% used [0x000000077b580000,0x000000077b580000,0x000000077c000000)
 ParOldGen       total 191488K, used 186316K [0x00000006c0000000, 0x00000006cbb00000, 0x000000076ab00000)
  object space 191488K, 97% used [0x00000006c0000000,0x00000006cb5f3170,0x00000006cbb00000)
 Metaspace       used 9631K, capacity 9930K, committed 10112K, reserved 1058816K
  class space    used 1297K, capacity 1404K, committed 1408K, reserved 1048576K
Event: 1.124 GC heap after
Heap after GC invocations=4 (full 1):
 PSYoungGen      total 141824K, used 0K [0x000000076ab00000, 0x000000077c000000, 0x00000007c0000000)
  eden space 131072K, 0% used [0x000000076ab00000,0x000000076ab00000,0x0000000772b00000)
  from space 10752K, 0% used [0x0000000772b00000,0x0000000772b00000,0x0000000773580000)
  to   space 10752K, 0% used [0x000000077b580000,0x000000077b580000,0x000000077c000000)
 ParOldGen       total 362496K, used 188750K [0x00000006c0000000, 0x00000006d6200000, 0x000000076ab00000)
  object space 362496K, 52% used [0x00000006c0000000,0x00000006cb853938,0x00000006d6200000)
 Metaspace       used 9631K, capacity 9930K, committed 10112K, reserved 1058816K
  class space    used 1297K, capacity 1404K, committed 1408K, reserved 1048576K
}
Event: 1.260 GC heap before
{Heap before GC invocations=5 (full 1):
 PSYoungGen      total 141824K, used 124292K [0x000000076ab00000, 0x000000077c000000, 0x00000007c0000000)
  eden space 131072K, 94% used [0x000000076ab00000,0x00000007724612f8,0x0000000772b00000)
  from space 10752K, 0% used [0x0000000772b00000,0x0000000772b00000,0x0000000773580000)
  to   space 10752K, 0% used [0x000000077b580000,0x000000077b580000,0x000000077c000000)
 ParOldGen       total 362496K, used 188750K [0x00000006c0000000, 0x00000006d6200000, 0x000000076ab00000)
  object space 362496K, 52% used [0x00000006c0000000,0x00000006cb853938,0x00000006d6200000)
 Metaspace       used 9631K, capacity 9930K, committed 10112K, reserved 1058816K
  class space    used 1297K, capacity 1404K, committed 1408K, reserved 1048576K
Event: 1.285 GC heap after
Heap after GC invocations=5 (full 1):
 PSYoungGen      total 260096K, used 10381K [0x000000076ab00000, 0x000000077c000000, 0x00000007c0000000)
  eden space 249344K, 0% used [0x000000076ab00000,0x000000076ab00000,0x0000000779e80000)
  from space 10752K, 96% used [0x000000077b580000,0x000000077bfa3420,0x000000077c000000)
  to   space 10752K, 0% used [0x000000077ab00000,0x000000077ab00000,0x000000077b580000)
 ParOldGen       total 362496K, used 277850K [0x00000006c0000000, 0x00000006d6200000, 0x000000076ab00000)
  object space 362496K, 76% used [0x00000006c0000000,0x00000006d0f569e8,0x00000006d6200000)
 Metaspace       used 9631K, capacity 9930K, committed 10112K, reserved 1058816K
  class space    used 1297K, capacity 1404K, committed 1408K, reserved 1048576K
}
Event: 1.285 GC heap before
{Heap before GC invocations=6 (full 2):
 PSYoungGen      total 260096K, used 10381K [0x000000076ab00000, 0x000000077c000000, 0x00000007c0000000)
  eden space 249344K, 0% used [0x000000076ab00000,0x000000076ab00000,0x0000000779e80000)
  from space 10752K, 96% used [0x000000077b580000,0x000000077bfa3420,0x000000077c000000)
  to   space 10752K, 0% used [0x000000077ab00000,0x000000077ab00000,0x000000077b580000)
 ParOldGen       total 362496K, used 277850K [0x00000006c0000000, 0x00000006d6200000, 0x000000076ab00000)
  object space 362496K, 76% used [0x00000006c0000000,0x00000006d0f569e8,0x00000006d6200000)
 Metaspace       used 9631K, capacity 9930K, committed 10112K, reserved 1058816K
  class space    used 1297K, capacity 1404K, committed 1408K, reserved 1048576K
Event: 1.301 GC heap after
Heap after GC invocations=6 (full 2):
 PSYoungGen      total 260096K, used 0K [0x000000076ab00000, 0x000000077c000000, 0x00000007c0000000)
  eden space 249344K, 0% used [0x000000076ab00000,0x000000076ab00000,0x0000000779e80000)
  from space 10752K, 0% used [0x000000077b580000,0x000000077b580000,0x000000077c000000)
  to   space 10752K, 0% used [0x000000077ab00000,0x000000077ab00000,0x000000077b580000)
 ParOldGen       total 496640K, used 287977K [0x00000006c0000000, 0x00000006de500000, 0x000000076ab00000)
  object space 496640K, 57% used [0x00000006c0000000,0x00000006d193a7b0,0x00000006de500000)
 Metaspace       used 9631K, capacity 9930K, committed 10112K, reserved 1058816K
  class space    used 1297K, capacity 1404K, committed 1408K, reserved 1048576K
}
Event: 8.005 GC heap before
{Heap before GC invocations=7 (full 2):
 PSYoungGen      total 260096K, used 245409K [0x000000076ab00000, 0x000000077c000000, 0x00000007c0000000)
  eden space 249344K, 98% used [0x000000076ab00000,0x0000000779aa8408,0x0000000779e80000)
  from space 10752K, 0% used [0x000000077b580000,0x000000077b580000,0x000000077c000000)
  to   space 10752K, 0% used [0x000000077ab00000,0x000000077ab00000,0x000000077b580000)
 ParOldGen       total 496640K, used 287977K [0x00000006c0000000, 0x00000006de500000, 0x000000076ab00000)
  object space 496640K, 57% used [0x00000006c0000000,0x00000006d193a7b0,0x00000006de500000)
 Metaspace       used 13825K, capacity 14464K, committed 14592K, reserved 1062912K
  class space    used 1853K, capacity 2021K, committed 2048K, reserved 1048576K
Event: 8.056 GC heap after
Heap after GC invocations=7 (full 2):
 PSYoungGen      total 272896K, used 10394K [0x000000076ab00000, 0x0000000785380000, 0x00000007c0000000)
  eden space 262144K, 0% used [0x000000076ab00000,0x000000076ab00000,0x000000077ab00000)
  from space 10752K, 96% used [0x000000077ab00000,0x000000077b526aa0,0x000000077b580000)
  to   space 13824K, 0% used [0x0000000784600000,0x0000000784600000,0x0000000785380000)
 ParOldGen       total 496640K, used 471479K [0x00000006c0000000, 0x00000006de500000, 0x000000076ab00000)
  object space 496640K, 94% used [0x00000006c0000000,0x00000006dcc6dd50,0x00000006de500000)
 Metaspace       used 13825K, capacity 14464K, committed 14592K, reserved 1062912K
  class space    used 1853K, capacity 2021K, committed 2048K, reserved 1048576K
}
Event: 8.056 GC heap before
{Heap before GC invocations=8 (full 3):
 PSYoungGen      total 272896K, used 10394K [0x000000076ab00000, 0x0000000785380000, 0x00000007c0000000)
  eden space 262144K, 0% used [0x000000076ab00000,0x000000076ab00000,0x000000077ab00000)
  from space 10752K, 96% used [0x000000077ab00000,0x000000077b526aa0,0x000000077b580000)
  to   space 13824K, 0% used [0x0000000784600000,0x0000000784600000,0x0000000785380000)
 ParOldGen       total 496640K, used 471479K [0x00000006c0000000, 0x00000006de500000, 0x000000076ab00000)
  object space 496640K, 94% used [0x00000006c0000000,0x00000006dcc6dd50,0x00000006de500000)
 Metaspace       used 13825K, capacity 14464K, committed 14592K, reserved 1062912K
  class space    used 1853K, capacity 2021K, committed 2048K, reserved 1048576K
Event: 8.086 GC heap after
Heap after GC invocations=8 (full 3):
 PSYoungGen      total 272896K, used 0K [0x000000076ab00000, 0x0000000785380000, 0x00000007c0000000)
  eden space 262144K, 0% used [0x000000076ab00000,0x000000076ab00000,0x000000077ab00000)
  from space 10752K, 0% used [0x000000077ab00000,0x000000077ab00000,0x000000077b580000)
  to   space 13824K, 0% used [0x0000000784600000,0x0000000784600000,0x0000000785380000)
 ParOldGen       total 758272K, used 463408K [0x00000006c0000000, 0x00000006ee480000, 0x000000076ab00000)
  object space 758272K, 61% used [0x00000006c0000000,0x00000006dc48c358,0x00000006ee480000)
 Metaspace       used 13825K, capacity 14464K, committed 14592K, reserved 1062912K
  class space    used 1853K, capacity 2021K, committed 2048K, reserved 1048576K
}

