# JRE version: Java(TM) SE Runtime Environment (8.0_311-b11) (build 1.8.0_311-b11)
# Java VM: Java HotSpot(TM) 64-Bit Server VM (25.311-b11 mixed mode bsd-amd64 compressed oops)
Heap:
 PSYoungGen      total 529408K, used 263755K [0x000000076ab00000, 0x00000007a3b80000, 0x00000007c0000000)
  eden space 330240K, 20% used [0x000000076ab00000,0x000000076ec80678,0x000000077ed80000)
  from space 199168K, 98% used [0x000000078e100000,0x000000079a112590,0x000000079a380000)
  to   space 249344K, 0% used [0x000000077ed80000,0x000000077ed80000,0x000000078e100000)
 ParOldGen       total 730624K, used 423441K [0x00000006c0000000, 0x00000006ec980000, 0x000000076ab00000)
  object space 730624K, 57% used [0x00000006c0000000,0x00000006d9d84450,0x00000006ec980000)
 Metaspace       used 16459K, capacity 17124K, committed 17408K, reserved 1064960K
  class space    used 2053K, capacity 2222K, committed 2304K, reserved 1048576K
GC Heap History (10 events):
Event: 2.575 GC heap before
{Heap before GC invocations=5 (full 1):
 PSYoungGen      total 141824K, used 124243K [0x000000076ab00000, 0x000000077c000000, 0x00000007c0000000)
  eden space 131072K, 94% used [0x000000076ab00000,0x0000000772454e38,0x0000000772b00000)
  from space 10752K, 0% used [0x0000000772b00000,0x0000000772b00000,0x0000000773580000)
  to   space 10752K, 0% used [0x000000077b580000,0x000000077b580000,0x000000077c000000)
 ParOldGen       total 351744K, used 156899K [0x00000006c0000000, 0x00000006d5780000, 0x000000076ab00000)
  object space 351744K, 44% used [0x00000006c0000000,0x00000006c9938ce0,0x00000006d5780000)
 Metaspace       used 11845K, capacity 12230K, committed 12416K, reserved 1060864K
  class space    used 1495K, capacity 1635K, committed 1664K, reserved 1048576K
Event: 2.596 GC heap after
Heap after GC invocations=5 (full 1):
 PSYoungGen      total 261632K, used 10381K [0x000000076ab00000, 0x000000077c000000, 0x00000007c0000000)
  eden space 250880K, 0% used [0x000000076ab00000,0x000000076ab00000,0x000000077a000000)
  from space 10752K, 96% used [0x000000077b580000,0x000000077bfa3420,0x000000077c000000)
  to   space 10752K, 0% used [0x000000077ab00000,0x000000077ab00000,0x000000077b580000)
 ParOldGen       total 351744K, used 245999K [0x00000006c0000000, 0x00000006d5780000, 0x000000076ab00000)
  object space 351744K, 69% used [0x00000006c0000000,0x00000006cf03bd90,0x00000006d5780000)
 Metaspace       used 11845K, capacity 12230K, committed 12416K, reserved 1060864K
  class space    used 1495K, capacity 1635K, committed 1664K, reserved 1048576K
}
Event: 2.596 GC heap before
{Heap before GC invocations=6 (full 2):
 PSYoungGen      total 261632K, used 10381K [0x000000076ab00000, 0x000000077c000000, 0x00000007c0000000)
  eden space 250880K, 0% used [0x000000076ab00000,0x000000076ab00000,0x000000077a000000)
  from space 10752K, 96% used [0x000000077b580000,0x000000077bfa3420,0x000000077c000000)
  to   space 10752K, 0% used [0x000000077ab00000,0x000000077ab00000,0x000000077b580000)
 ParOldGen       total 351744K, used 245999K [0x00000006c0000000, 0x00000006d5780000, 0x000000076ab00000)
  object space 351744K, 69% used [0x00000006c0000000,0x00000006cf03bd90,0x00000006d5780000)
 Metaspace       used 11845K, capacity 12230K, committed 12416K, reserved 1060864K
  class space    used 1495K, capacity 1635K, committed 1664K, reserved 1048576K
Event: 2.620 GC heap after
Heap after GC invocations=6 (full 2):
 PSYoungGen      total 261632K, used 0K [0x000000076ab00000, 0x000000077c000000, 0x00000007c0000000)
  eden space 250880K, 0% used [0x000000076ab00000,0x000000076ab00000,0x000000077a000000)
  from space 10752K, 0% used [0x000000077b580000,0x000000077b580000,0x000000077c000000)
  to   space 10752K, 0% used [0x000000077ab00000,0x000000077ab00000,0x000000077b580000)
 ParOldGen       total 495616K, used 256119K [0x00000006c0000000, 0x00000006de400000, 0x000000076ab00000)
  object space 495616K, 51% used [0x00000006c0000000,0x00000006cfa1dd58,0x00000006de400000)
 Metaspace       used 11845K, capacity 12230K, committed 12416K, reserved 1060864K
  class space    used 1495K, capacity 1635K, committed 1664K, reserved 1048576K
}
Event: 19.188 GC heap before
{Heap before GC invocations=7 (full 2):
 PSYoungGen      total 261632K, used 248077K [0x000000076ab00000, 0x000000077c000000, 0x00000007c0000000)
  eden space 250880K, 98% used [0x000000076ab00000,0x0000000779d437e8,0x000000077a000000)
  from space 10752K, 0% used [0x000000077b580000,0x000000077b580000,0x000000077c000000)
  to   space 10752K, 0% used [0x000000077ab00000,0x000000077ab00000,0x000000077b580000)
 ParOldGen       total 495616K, used 256119K [0x00000006c0000000, 0x00000006de400000, 0x000000076ab00000)
  object space 495616K, 51% used [0x00000006c0000000,0x00000006cfa1dd58,0x00000006de400000)
 Metaspace       used 16007K, capacity 16656K, committed 16896K, reserved 1064960K
  class space    used 2034K, capacity 2220K, committed 2304K, reserved 1048576K
Event: 19.230 GC heap after
Heap after GC invocations=7 (full 2):
 PSYoungGen      total 272896K, used 10728K [0x000000076ab00000, 0x000000079a380000, 0x00000007c0000000)
  eden space 262144K, 0% used [0x000000076ab00000,0x000000076ab00000,0x000000077ab00000)
  from space 10752K, 99% used [0x000000077ab00000,0x000000077b57a030,0x000000077b580000)
  to   space 199168K, 0% used [0x000000078e100000,0x000000078e100000,0x000000079a380000)
 ParOldGen       total 495616K, used 414891K [0x00000006c0000000, 0x00000006de400000, 0x000000076ab00000)
  object space 495616K, 83% used [0x00000006c0000000,0x00000006d952add8,0x00000006de400000)
 Metaspace       used 16007K, capacity 16656K, committed 16896K, reserved 1064960K
  class space    used 2034K, capacity 2220K, committed 2304K, reserved 1048576K
}
Event: 19.230 GC heap before
{Heap before GC invocations=8 (full 3):
 PSYoungGen      total 272896K, used 10728K [0x000000076ab00000, 0x000000079a380000, 0x00000007c0000000)
  eden space 262144K, 0% used [0x000000076ab00000,0x000000076ab00000,0x000000077ab00000)
  from space 10752K, 99% used [0x000000077ab00000,0x000000077b57a030,0x000000077b580000)
  to   space 199168K, 0% used [0x000000078e100000,0x000000078e100000,0x000000079a380000)
 ParOldGen       total 495616K, used 414891K [0x00000006c0000000, 0x00000006de400000, 0x000000076ab00000)
  object space 495616K, 83% used [0x00000006c0000000,0x00000006d952add8,0x00000006de400000)
 Metaspace       used 16007K, capacity 16656K, committed 16896K, reserved 1064960K
  class space    used 2034K, capacity 2220K, committed 2304K, reserved 1048576K
Event: 19.267 GC heap after
Heap after GC invocations=8 (full 3):
 PSYoungGen      total 272896K, used 0K [0x000000076ab00000, 0x000000079a380000, 0x00000007c0000000)
  eden space 262144K, 0% used [0x000000076ab00000,0x000000076ab00000,0x000000077ab00000)
  from space 10752K, 0% used [0x000000077ab00000,0x000000077ab00000,0x000000077b580000)
  to   space 199168K, 0% used [0x000000078e100000,0x000000078e100000,0x000000079a380000)
 ParOldGen       total 730624K, used 415341K [0x00000006c0000000, 0x00000006ec980000, 0x000000076ab00000)
  object space 730624K, 56% used [0x00000006c0000000,0x00000006d959b440,0x00000006ec980000)
 Metaspace       used 16007K, capacity 16656K, committed 16896K, reserved 1064960K
  class space    used 2034K, capacity 2220K, committed 2304K, reserved 1048576K
}
Event: 19.541 GC heap before
{Heap before GC invocations=9 (full 3):
 PSYoungGen      total 272896K, used 255859K [0x000000076ab00000, 0x000000079a380000, 0x00000007c0000000)
  eden space 262144K, 97% used [0x000000076ab00000,0x000000077a4dce30,0x000000077ab00000)
  from space 10752K, 0% used [0x000000077ab00000,0x000000077ab00000,0x000000077b580000)
  to   space 199168K, 0% used [0x000000078e100000,0x000000078e100000,0x000000079a380000)
 ParOldGen       total 730624K, used 415341K [0x00000006c0000000, 0x00000006ec980000, 0x000000076ab00000)
  object space 730624K, 56% used [0x00000006c0000000,0x00000006d959b440,0x00000006ec980000)
 Metaspace       used 16008K, capacity 16656K, committed 16896K, reserved 1064960K
  class space    used 2034K, capacity 2220K, committed 2304K, reserved 1048576K
Event: 19.593 GC heap after
Heap after GC invocations=9 (full 3):
 PSYoungGen      total 529408K, used 196681K [0x000000076ab00000, 0x00000007a3b80000, 0x00000007c0000000)
  eden space 330240K, 0% used [0x000000076ab00000,0x000000076ab00000,0x000000077ed80000)
  from space 199168K, 98% used [0x000000078e100000,0x000000079a112590,0x000000079a380000)
  to   space 249344K, 0% used [0x000000077ed80000,0x000000077ed80000,0x000000078e100000)
 ParOldGen       total 730624K, used 423441K [0x00000006c0000000, 0x00000006ec980000, 0x000000076ab00000)
  object space 730624K, 57% used [0x00000006c0000000,0x00000006d9d84450,0x00000006ec980000)
 Metaspace       used 16008K, capacity 16656K, committed 16896K, reserved 1064960K
  class space    used 2034K, capacity 2220K, committed 2304K, reserved 1048576K
}

